INFO [2025-11-06 12:44:48] $x
INFO [2025-11-06 12:44:48] venn_counts
INFO [2025-11-06 12:44:48] 
INFO [2025-11-06 12:44:48] $filename
INFO [2025-11-06 12:44:48] NULL
INFO [2025-11-06 12:44:48] 
INFO [2025-11-06 12:44:48] $fill
INFO [2025-11-06 12:44:48] c("salmon", "lightyellow", "skyblue")
INFO [2025-11-06 12:44:48] 
INFO [2025-11-06 12:44:48] $alpha
INFO [2025-11-06 12:44:48] [1] 0.5
INFO [2025-11-06 12:44:48] 
INFO [2025-11-06 12:44:48] $cex
INFO [2025-11-06 12:44:48] [1] 1.8
INFO [2025-11-06 12:44:48] 
INFO [2025-11-06 12:44:48] $fontface
INFO [2025-11-06 12:44:48] [1] "bold"
INFO [2025-11-06 12:44:48] 
INFO [2025-11-06 12:44:48] $cat.cex
INFO [2025-11-06 12:44:48] [1] 1.4
INFO [2025-11-06 12:44:48] 
INFO [2025-11-06 12:44:48] $cat.fontface
INFO [2025-11-06 12:44:48] [1] "bold"
INFO [2025-11-06 12:44:48] 
INFO [2025-11-06 12:44:48] $cat.pos
INFO [2025-11-06 12:44:48] c(-20, 20, 180)
INFO [2025-11-06 12:44:48] 
INFO [2025-11-06 12:44:48] $cat.dist
INFO [2025-11-06 12:44:48] c(0.05, 0.05, 0.05)
INFO [2025-11-06 12:44:48] 
INFO [2025-11-06 12:44:48] $main
INFO [2025-11-06 12:44:48] [1] "Overlap of rabies cases in Brazilian cities"
INFO [2025-11-06 12:44:48] 
INFO [2025-11-06 12:44:48] $main.cex
INFO [2025-11-06 12:44:48] [1] 2
INFO [2025-11-06 12:44:48] 
INFO [2025-11-06 12:44:48] $main.fontface
INFO [2025-11-06 12:44:48] [1] "bold"
INFO [2025-11-06 12:44:48] 
INFO [2025-11-06 12:44:48] $lwd
INFO [2025-11-06 12:44:48] [1] 1.2
INFO [2025-11-06 12:44:48] 
