INFO [2025-11-05 09:27:59] $x
INFO [2025-11-05 09:27:59] venn_counts
INFO [2025-11-05 09:27:59] 
INFO [2025-11-05 09:27:59] $filename
INFO [2025-11-05 09:27:59] NULL
INFO [2025-11-05 09:27:59] 
INFO [2025-11-05 09:27:59] $fill
INFO [2025-11-05 09:27:59] c("red", "green", "blue")
INFO [2025-11-05 09:27:59] 
INFO [2025-11-05 09:27:59] $alpha
INFO [2025-11-05 09:27:59] [1] 0.5
INFO [2025-11-05 09:27:59] 
INFO [2025-11-05 09:27:59] $cex
INFO [2025-11-05 09:27:59] [1] 1.5
INFO [2025-11-05 09:27:59] 
INFO [2025-11-05 09:27:59] $cat.cex
INFO [2025-11-05 09:27:59] [1] 1.2
INFO [2025-11-05 09:27:59] 
INFO [2025-11-05 09:27:59] $main
INFO [2025-11-05 09:27:59] [1] "Overlap of Rabies Cases"
INFO [2025-11-05 09:27:59] 
