INFO [2025-11-06 12:41:44] $x
INFO [2025-11-06 12:41:44] venn_counts
INFO [2025-11-06 12:41:44] 
INFO [2025-11-06 12:41:44] $filename
INFO [2025-11-06 12:41:44] NULL
INFO [2025-11-06 12:41:44] 
INFO [2025-11-06 12:41:44] $fill
INFO [2025-11-06 12:41:44] c("gray80", "lightgreen", "skyblue")
INFO [2025-11-06 12:41:44] 
INFO [2025-11-06 12:41:44] $alpha
INFO [2025-11-06 12:41:44] [1] 0.5
INFO [2025-11-06 12:41:44] 
INFO [2025-11-06 12:41:44] $cex
INFO [2025-11-06 12:41:44] [1] 1.8
INFO [2025-11-06 12:41:44] 
INFO [2025-11-06 12:41:44] $fontface
INFO [2025-11-06 12:41:44] [1] "bold"
INFO [2025-11-06 12:41:44] 
INFO [2025-11-06 12:41:44] $cat.cex
INFO [2025-11-06 12:41:44] [1] 1.4
INFO [2025-11-06 12:41:44] 
INFO [2025-11-06 12:41:44] $cat.fontface
INFO [2025-11-06 12:41:44] [1] "bold"
INFO [2025-11-06 12:41:44] 
INFO [2025-11-06 12:41:44] $cat.pos
INFO [2025-11-06 12:41:44] c(-20, 20, 180)
INFO [2025-11-06 12:41:44] 
INFO [2025-11-06 12:41:44] $cat.dist
INFO [2025-11-06 12:41:44] c(0.05, 0.05, 0.05)
INFO [2025-11-06 12:41:44] 
INFO [2025-11-06 12:41:44] $main
INFO [2025-11-06 12:41:44] [1] "Overlap of Rabies Cases"
INFO [2025-11-06 12:41:44] 
INFO [2025-11-06 12:41:44] $main.cex
INFO [2025-11-06 12:41:44] [1] 2
INFO [2025-11-06 12:41:44] 
INFO [2025-11-06 12:41:44] $main.fontface
INFO [2025-11-06 12:41:44] [1] "bold"
INFO [2025-11-06 12:41:44] 
INFO [2025-11-06 12:41:44] $lwd
INFO [2025-11-06 12:41:44] [1] 1.2
INFO [2025-11-06 12:41:44] 
