INFO [2025-11-06 12:43:40] $x
INFO [2025-11-06 12:43:40] venn_counts
INFO [2025-11-06 12:43:40] 
INFO [2025-11-06 12:43:40] $filename
INFO [2025-11-06 12:43:40] NULL
INFO [2025-11-06 12:43:40] 
INFO [2025-11-06 12:43:40] $fill
INFO [2025-11-06 12:43:40] c("salmon", "tan", "skyblue")
INFO [2025-11-06 12:43:40] 
INFO [2025-11-06 12:43:40] $alpha
INFO [2025-11-06 12:43:40] [1] 0.5
INFO [2025-11-06 12:43:40] 
INFO [2025-11-06 12:43:40] $cex
INFO [2025-11-06 12:43:40] [1] 1.8
INFO [2025-11-06 12:43:40] 
INFO [2025-11-06 12:43:40] $fontface
INFO [2025-11-06 12:43:40] [1] "bold"
INFO [2025-11-06 12:43:40] 
INFO [2025-11-06 12:43:40] $cat.cex
INFO [2025-11-06 12:43:40] [1] 1.4
INFO [2025-11-06 12:43:40] 
INFO [2025-11-06 12:43:40] $cat.fontface
INFO [2025-11-06 12:43:40] [1] "bold"
INFO [2025-11-06 12:43:40] 
INFO [2025-11-06 12:43:40] $cat.pos
INFO [2025-11-06 12:43:40] c(-20, 20, 180)
INFO [2025-11-06 12:43:40] 
INFO [2025-11-06 12:43:40] $cat.dist
INFO [2025-11-06 12:43:40] c(0.05, 0.05, 0.05)
INFO [2025-11-06 12:43:40] 
INFO [2025-11-06 12:43:40] $main
INFO [2025-11-06 12:43:40] [1] "Overlap of Rabies Cases"
INFO [2025-11-06 12:43:40] 
INFO [2025-11-06 12:43:40] $main.cex
INFO [2025-11-06 12:43:40] [1] 2
INFO [2025-11-06 12:43:40] 
INFO [2025-11-06 12:43:40] $main.fontface
INFO [2025-11-06 12:43:40] [1] "bold"
INFO [2025-11-06 12:43:40] 
INFO [2025-11-06 12:43:40] $lwd
INFO [2025-11-06 12:43:40] [1] 1.2
INFO [2025-11-06 12:43:40] 
