INFO [2025-11-04 14:39:09] $x
INFO [2025-11-04 14:39:09] venn_counts
INFO [2025-11-04 14:39:09] 
INFO [2025-11-04 14:39:09] $filename
INFO [2025-11-04 14:39:09] NULL
INFO [2025-11-04 14:39:09] 
INFO [2025-11-04 14:39:09] $fill
INFO [2025-11-04 14:39:09] c("red", "green", "blue")
INFO [2025-11-04 14:39:09] 
INFO [2025-11-04 14:39:09] $alpha
INFO [2025-11-04 14:39:09] [1] 0.5
INFO [2025-11-04 14:39:09] 
INFO [2025-11-04 14:39:09] $cex
INFO [2025-11-04 14:39:09] [1] 1.5
INFO [2025-11-04 14:39:09] 
INFO [2025-11-04 14:39:09] $cat.cex
INFO [2025-11-04 14:39:09] [1] 1.2
INFO [2025-11-04 14:39:09] 
INFO [2025-11-04 14:39:09] $main
INFO [2025-11-04 14:39:09] [1] "Overlap of Rabies Cases"
INFO [2025-11-04 14:39:09] 
