INFO [2025-11-05 13:25:37] $x
INFO [2025-11-05 13:25:37] venn_counts
INFO [2025-11-05 13:25:37] 
INFO [2025-11-05 13:25:37] $filename
INFO [2025-11-05 13:25:37] NULL
INFO [2025-11-05 13:25:37] 
INFO [2025-11-05 13:25:37] $fill
INFO [2025-11-05 13:25:37] c("#FF9999", "#99CC99", "#6699CC")
INFO [2025-11-05 13:25:37] 
INFO [2025-11-05 13:25:37] $alpha
INFO [2025-11-05 13:25:37] [1] 0.5
INFO [2025-11-05 13:25:37] 
INFO [2025-11-05 13:25:37] $cex
INFO [2025-11-05 13:25:37] [1] 1.8
INFO [2025-11-05 13:25:37] 
INFO [2025-11-05 13:25:37] $fontface
INFO [2025-11-05 13:25:37] [1] "bold"
INFO [2025-11-05 13:25:37] 
INFO [2025-11-05 13:25:37] $cat.cex
INFO [2025-11-05 13:25:37] [1] 1.4
INFO [2025-11-05 13:25:37] 
INFO [2025-11-05 13:25:37] $cat.fontface
INFO [2025-11-05 13:25:37] [1] "bold"
INFO [2025-11-05 13:25:37] 
INFO [2025-11-05 13:25:37] $cat.pos
INFO [2025-11-05 13:25:37] c(-20, 20, 180)
INFO [2025-11-05 13:25:37] 
INFO [2025-11-05 13:25:37] $cat.dist
INFO [2025-11-05 13:25:37] c(0.05, 0.05, 0.05)
INFO [2025-11-05 13:25:37] 
INFO [2025-11-05 13:25:37] $main
INFO [2025-11-05 13:25:37] [1] "Overlap of Rabies Cases"
INFO [2025-11-05 13:25:37] 
INFO [2025-11-05 13:25:37] $main.cex
INFO [2025-11-05 13:25:37] [1] 2
INFO [2025-11-05 13:25:37] 
INFO [2025-11-05 13:25:37] $main.fontface
INFO [2025-11-05 13:25:37] [1] "bold"
INFO [2025-11-05 13:25:37] 
INFO [2025-11-05 13:25:37] $lwd
INFO [2025-11-05 13:25:37] [1] 1.2
INFO [2025-11-05 13:25:37] 
