INFO [2025-11-06 12:40:51] $x
INFO [2025-11-06 12:40:51] venn_counts
INFO [2025-11-06 12:40:51] 
INFO [2025-11-06 12:40:51] $filename
INFO [2025-11-06 12:40:51] NULL
INFO [2025-11-06 12:40:51] 
INFO [2025-11-06 12:40:51] $fill
INFO [2025-11-06 12:40:51] c("#FF9999", "#99CC99", "#6699CC")
INFO [2025-11-06 12:40:51] 
INFO [2025-11-06 12:40:51] $alpha
INFO [2025-11-06 12:40:51] [1] 0.5
INFO [2025-11-06 12:40:51] 
INFO [2025-11-06 12:40:51] $cex
INFO [2025-11-06 12:40:51] [1] 1.8
INFO [2025-11-06 12:40:51] 
INFO [2025-11-06 12:40:51] $fontface
INFO [2025-11-06 12:40:51] [1] "bold"
INFO [2025-11-06 12:40:51] 
INFO [2025-11-06 12:40:51] $cat.cex
INFO [2025-11-06 12:40:51] [1] 1.4
INFO [2025-11-06 12:40:51] 
INFO [2025-11-06 12:40:51] $cat.fontface
INFO [2025-11-06 12:40:51] [1] "bold"
INFO [2025-11-06 12:40:51] 
INFO [2025-11-06 12:40:51] $cat.pos
INFO [2025-11-06 12:40:51] c(-20, 20, 180)
INFO [2025-11-06 12:40:51] 
INFO [2025-11-06 12:40:51] $cat.dist
INFO [2025-11-06 12:40:51] c(0.05, 0.05, 0.05)
INFO [2025-11-06 12:40:51] 
INFO [2025-11-06 12:40:51] $main
INFO [2025-11-06 12:40:51] [1] "Overlap of Rabies Cases"
INFO [2025-11-06 12:40:51] 
INFO [2025-11-06 12:40:51] $main.cex
INFO [2025-11-06 12:40:51] [1] 2
INFO [2025-11-06 12:40:51] 
INFO [2025-11-06 12:40:51] $main.fontface
INFO [2025-11-06 12:40:51] [1] "bold"
INFO [2025-11-06 12:40:51] 
INFO [2025-11-06 12:40:51] $lwd
INFO [2025-11-06 12:40:51] [1] 1.2
INFO [2025-11-06 12:40:51] 
