INFO [2025-11-06 12:42:39] $x
INFO [2025-11-06 12:42:39] venn_counts
INFO [2025-11-06 12:42:39] 
INFO [2025-11-06 12:42:39] $filename
INFO [2025-11-06 12:42:39] NULL
INFO [2025-11-06 12:42:39] 
INFO [2025-11-06 12:42:39] $fill
INFO [2025-11-06 12:42:39] c("gray80", "white", "skyblue")
INFO [2025-11-06 12:42:39] 
INFO [2025-11-06 12:42:39] $alpha
INFO [2025-11-06 12:42:39] [1] 0.5
INFO [2025-11-06 12:42:39] 
INFO [2025-11-06 12:42:39] $cex
INFO [2025-11-06 12:42:39] [1] 1.8
INFO [2025-11-06 12:42:39] 
INFO [2025-11-06 12:42:39] $fontface
INFO [2025-11-06 12:42:39] [1] "bold"
INFO [2025-11-06 12:42:39] 
INFO [2025-11-06 12:42:39] $cat.cex
INFO [2025-11-06 12:42:39] [1] 1.4
INFO [2025-11-06 12:42:39] 
INFO [2025-11-06 12:42:39] $cat.fontface
INFO [2025-11-06 12:42:39] [1] "bold"
INFO [2025-11-06 12:42:39] 
INFO [2025-11-06 12:42:39] $cat.pos
INFO [2025-11-06 12:42:39] c(-20, 20, 180)
INFO [2025-11-06 12:42:39] 
INFO [2025-11-06 12:42:39] $cat.dist
INFO [2025-11-06 12:42:39] c(0.05, 0.05, 0.05)
INFO [2025-11-06 12:42:39] 
INFO [2025-11-06 12:42:39] $main
INFO [2025-11-06 12:42:39] [1] "Overlap of Rabies Cases"
INFO [2025-11-06 12:42:39] 
INFO [2025-11-06 12:42:39] $main.cex
INFO [2025-11-06 12:42:39] [1] 2
INFO [2025-11-06 12:42:39] 
INFO [2025-11-06 12:42:39] $main.fontface
INFO [2025-11-06 12:42:39] [1] "bold"
INFO [2025-11-06 12:42:39] 
INFO [2025-11-06 12:42:39] $lwd
INFO [2025-11-06 12:42:39] [1] 1.2
INFO [2025-11-06 12:42:39] 
