INFO [2025-11-06 12:43:12] $x
INFO [2025-11-06 12:43:12] venn_counts
INFO [2025-11-06 12:43:12] 
INFO [2025-11-06 12:43:12] $filename
INFO [2025-11-06 12:43:12] NULL
INFO [2025-11-06 12:43:12] 
INFO [2025-11-06 12:43:12] $fill
INFO [2025-11-06 12:43:12] c("gray80", "salmon", "skyblue")
INFO [2025-11-06 12:43:12] 
INFO [2025-11-06 12:43:12] $alpha
INFO [2025-11-06 12:43:12] [1] 0.5
INFO [2025-11-06 12:43:12] 
INFO [2025-11-06 12:43:12] $cex
INFO [2025-11-06 12:43:12] [1] 1.8
INFO [2025-11-06 12:43:12] 
INFO [2025-11-06 12:43:12] $fontface
INFO [2025-11-06 12:43:12] [1] "bold"
INFO [2025-11-06 12:43:12] 
INFO [2025-11-06 12:43:12] $cat.cex
INFO [2025-11-06 12:43:12] [1] 1.4
INFO [2025-11-06 12:43:12] 
INFO [2025-11-06 12:43:12] $cat.fontface
INFO [2025-11-06 12:43:12] [1] "bold"
INFO [2025-11-06 12:43:12] 
INFO [2025-11-06 12:43:12] $cat.pos
INFO [2025-11-06 12:43:12] c(-20, 20, 180)
INFO [2025-11-06 12:43:12] 
INFO [2025-11-06 12:43:12] $cat.dist
INFO [2025-11-06 12:43:12] c(0.05, 0.05, 0.05)
INFO [2025-11-06 12:43:12] 
INFO [2025-11-06 12:43:12] $main
INFO [2025-11-06 12:43:12] [1] "Overlap of Rabies Cases"
INFO [2025-11-06 12:43:12] 
INFO [2025-11-06 12:43:12] $main.cex
INFO [2025-11-06 12:43:12] [1] 2
INFO [2025-11-06 12:43:12] 
INFO [2025-11-06 12:43:12] $main.fontface
INFO [2025-11-06 12:43:12] [1] "bold"
INFO [2025-11-06 12:43:12] 
INFO [2025-11-06 12:43:12] $lwd
INFO [2025-11-06 12:43:12] [1] 1.2
INFO [2025-11-06 12:43:12] 
