INFO [2025-11-06 12:43:55] $x
INFO [2025-11-06 12:43:55] venn_counts
INFO [2025-11-06 12:43:55] 
INFO [2025-11-06 12:43:55] $filename
INFO [2025-11-06 12:43:55] NULL
INFO [2025-11-06 12:43:55] 
INFO [2025-11-06 12:43:55] $fill
INFO [2025-11-06 12:43:55] c("salmon", "yellow", "skyblue")
INFO [2025-11-06 12:43:55] 
INFO [2025-11-06 12:43:55] $alpha
INFO [2025-11-06 12:43:55] [1] 0.5
INFO [2025-11-06 12:43:55] 
INFO [2025-11-06 12:43:55] $cex
INFO [2025-11-06 12:43:55] [1] 1.8
INFO [2025-11-06 12:43:55] 
INFO [2025-11-06 12:43:55] $fontface
INFO [2025-11-06 12:43:55] [1] "bold"
INFO [2025-11-06 12:43:55] 
INFO [2025-11-06 12:43:55] $cat.cex
INFO [2025-11-06 12:43:55] [1] 1.4
INFO [2025-11-06 12:43:55] 
INFO [2025-11-06 12:43:55] $cat.fontface
INFO [2025-11-06 12:43:55] [1] "bold"
INFO [2025-11-06 12:43:55] 
INFO [2025-11-06 12:43:55] $cat.pos
INFO [2025-11-06 12:43:55] c(-20, 20, 180)
INFO [2025-11-06 12:43:55] 
INFO [2025-11-06 12:43:55] $cat.dist
INFO [2025-11-06 12:43:55] c(0.05, 0.05, 0.05)
INFO [2025-11-06 12:43:55] 
INFO [2025-11-06 12:43:55] $main
INFO [2025-11-06 12:43:55] [1] "Overlap of Rabies Cases"
INFO [2025-11-06 12:43:55] 
INFO [2025-11-06 12:43:55] $main.cex
INFO [2025-11-06 12:43:55] [1] 2
INFO [2025-11-06 12:43:55] 
INFO [2025-11-06 12:43:55] $main.fontface
INFO [2025-11-06 12:43:55] [1] "bold"
INFO [2025-11-06 12:43:55] 
INFO [2025-11-06 12:43:55] $lwd
INFO [2025-11-06 12:43:55] [1] 1.2
INFO [2025-11-06 12:43:55] 
