INFO [2025-11-06 12:43:33] $x
INFO [2025-11-06 12:43:33] venn_counts
INFO [2025-11-06 12:43:33] 
INFO [2025-11-06 12:43:33] $filename
INFO [2025-11-06 12:43:33] NULL
INFO [2025-11-06 12:43:33] 
INFO [2025-11-06 12:43:33] $fill
INFO [2025-11-06 12:43:33] c("salmon", "gray80", "skyblue")
INFO [2025-11-06 12:43:33] 
INFO [2025-11-06 12:43:33] $alpha
INFO [2025-11-06 12:43:33] [1] 0.5
INFO [2025-11-06 12:43:33] 
INFO [2025-11-06 12:43:33] $cex
INFO [2025-11-06 12:43:33] [1] 1.8
INFO [2025-11-06 12:43:33] 
INFO [2025-11-06 12:43:33] $fontface
INFO [2025-11-06 12:43:33] [1] "bold"
INFO [2025-11-06 12:43:33] 
INFO [2025-11-06 12:43:33] $cat.cex
INFO [2025-11-06 12:43:33] [1] 1.4
INFO [2025-11-06 12:43:33] 
INFO [2025-11-06 12:43:33] $cat.fontface
INFO [2025-11-06 12:43:33] [1] "bold"
INFO [2025-11-06 12:43:33] 
INFO [2025-11-06 12:43:33] $cat.pos
INFO [2025-11-06 12:43:33] c(-20, 20, 180)
INFO [2025-11-06 12:43:33] 
INFO [2025-11-06 12:43:33] $cat.dist
INFO [2025-11-06 12:43:33] c(0.05, 0.05, 0.05)
INFO [2025-11-06 12:43:33] 
INFO [2025-11-06 12:43:33] $main
INFO [2025-11-06 12:43:33] [1] "Overlap of Rabies Cases"
INFO [2025-11-06 12:43:33] 
INFO [2025-11-06 12:43:33] $main.cex
INFO [2025-11-06 12:43:33] [1] 2
INFO [2025-11-06 12:43:33] 
INFO [2025-11-06 12:43:33] $main.fontface
INFO [2025-11-06 12:43:33] [1] "bold"
INFO [2025-11-06 12:43:33] 
INFO [2025-11-06 12:43:33] $lwd
INFO [2025-11-06 12:43:33] [1] 1.2
INFO [2025-11-06 12:43:33] 
