INFO [2025-11-06 12:35:21] $x
INFO [2025-11-06 12:35:21] venn_counts
INFO [2025-11-06 12:35:21] 
INFO [2025-11-06 12:35:21] $filename
INFO [2025-11-06 12:35:21] NULL
INFO [2025-11-06 12:35:21] 
INFO [2025-11-06 12:35:21] $fill
INFO [2025-11-06 12:35:21] c("#FF9999", "#99CC99", "#6699CC")
INFO [2025-11-06 12:35:21] 
INFO [2025-11-06 12:35:21] $alpha
INFO [2025-11-06 12:35:21] [1] 0.5
INFO [2025-11-06 12:35:21] 
INFO [2025-11-06 12:35:21] $cex
INFO [2025-11-06 12:35:21] [1] 1.8
INFO [2025-11-06 12:35:21] 
INFO [2025-11-06 12:35:21] $fontface
INFO [2025-11-06 12:35:21] [1] "bold"
INFO [2025-11-06 12:35:21] 
INFO [2025-11-06 12:35:21] $cat.cex
INFO [2025-11-06 12:35:21] [1] 1.4
INFO [2025-11-06 12:35:21] 
INFO [2025-11-06 12:35:21] $cat.fontface
INFO [2025-11-06 12:35:21] [1] "bold"
INFO [2025-11-06 12:35:21] 
INFO [2025-11-06 12:35:21] $cat.pos
INFO [2025-11-06 12:35:21] c(-20, 20, 180)
INFO [2025-11-06 12:35:21] 
INFO [2025-11-06 12:35:21] $cat.dist
INFO [2025-11-06 12:35:21] c(0.05, 0.05, 0.05)
INFO [2025-11-06 12:35:21] 
INFO [2025-11-06 12:35:21] $main
INFO [2025-11-06 12:35:21] [1] "Overlap of Rabies Cases"
INFO [2025-11-06 12:35:21] 
INFO [2025-11-06 12:35:21] $main.cex
INFO [2025-11-06 12:35:21] [1] 2
INFO [2025-11-06 12:35:21] 
INFO [2025-11-06 12:35:21] $main.fontface
INFO [2025-11-06 12:35:21] [1] "bold"
INFO [2025-11-06 12:35:21] 
INFO [2025-11-06 12:35:21] $lwd
INFO [2025-11-06 12:35:21] [1] 1.2
INFO [2025-11-06 12:35:21] 
