INFO [2025-11-06 12:43:03] $x
INFO [2025-11-06 12:43:03] venn_counts
INFO [2025-11-06 12:43:03] 
INFO [2025-11-06 12:43:03] $filename
INFO [2025-11-06 12:43:03] NULL
INFO [2025-11-06 12:43:03] 
INFO [2025-11-06 12:43:03] $fill
INFO [2025-11-06 12:43:03] c("gray80", "yellow", "skyblue")
INFO [2025-11-06 12:43:03] 
INFO [2025-11-06 12:43:03] $alpha
INFO [2025-11-06 12:43:03] [1] 0.5
INFO [2025-11-06 12:43:03] 
INFO [2025-11-06 12:43:03] $cex
INFO [2025-11-06 12:43:03] [1] 1.8
INFO [2025-11-06 12:43:03] 
INFO [2025-11-06 12:43:03] $fontface
INFO [2025-11-06 12:43:03] [1] "bold"
INFO [2025-11-06 12:43:03] 
INFO [2025-11-06 12:43:03] $cat.cex
INFO [2025-11-06 12:43:03] [1] 1.4
INFO [2025-11-06 12:43:03] 
INFO [2025-11-06 12:43:03] $cat.fontface
INFO [2025-11-06 12:43:03] [1] "bold"
INFO [2025-11-06 12:43:03] 
INFO [2025-11-06 12:43:03] $cat.pos
INFO [2025-11-06 12:43:03] c(-20, 20, 180)
INFO [2025-11-06 12:43:03] 
INFO [2025-11-06 12:43:03] $cat.dist
INFO [2025-11-06 12:43:03] c(0.05, 0.05, 0.05)
INFO [2025-11-06 12:43:03] 
INFO [2025-11-06 12:43:03] $main
INFO [2025-11-06 12:43:03] [1] "Overlap of Rabies Cases"
INFO [2025-11-06 12:43:03] 
INFO [2025-11-06 12:43:03] $main.cex
INFO [2025-11-06 12:43:03] [1] 2
INFO [2025-11-06 12:43:03] 
INFO [2025-11-06 12:43:03] $main.fontface
INFO [2025-11-06 12:43:03] [1] "bold"
INFO [2025-11-06 12:43:03] 
INFO [2025-11-06 12:43:03] $lwd
INFO [2025-11-06 12:43:03] [1] 1.2
INFO [2025-11-06 12:43:03] 
