INFO [2025-11-06 12:44:08] $x
INFO [2025-11-06 12:44:08] venn_counts
INFO [2025-11-06 12:44:08] 
INFO [2025-11-06 12:44:08] $filename
INFO [2025-11-06 12:44:08] NULL
INFO [2025-11-06 12:44:08] 
INFO [2025-11-06 12:44:08] $fill
INFO [2025-11-06 12:44:08] c("salmon", "lightyellow", "skyblue")
INFO [2025-11-06 12:44:08] 
INFO [2025-11-06 12:44:08] $alpha
INFO [2025-11-06 12:44:08] [1] 0.5
INFO [2025-11-06 12:44:08] 
INFO [2025-11-06 12:44:08] $cex
INFO [2025-11-06 12:44:08] [1] 1.8
INFO [2025-11-06 12:44:08] 
INFO [2025-11-06 12:44:08] $fontface
INFO [2025-11-06 12:44:08] [1] "bold"
INFO [2025-11-06 12:44:08] 
INFO [2025-11-06 12:44:08] $cat.cex
INFO [2025-11-06 12:44:08] [1] 1.4
INFO [2025-11-06 12:44:08] 
INFO [2025-11-06 12:44:08] $cat.fontface
INFO [2025-11-06 12:44:08] [1] "bold"
INFO [2025-11-06 12:44:08] 
INFO [2025-11-06 12:44:08] $cat.pos
INFO [2025-11-06 12:44:08] c(-20, 20, 180)
INFO [2025-11-06 12:44:08] 
INFO [2025-11-06 12:44:08] $cat.dist
INFO [2025-11-06 12:44:08] c(0.05, 0.05, 0.05)
INFO [2025-11-06 12:44:08] 
INFO [2025-11-06 12:44:08] $main
INFO [2025-11-06 12:44:08] [1] "Overlap of Rabies Cases"
INFO [2025-11-06 12:44:08] 
INFO [2025-11-06 12:44:08] $main.cex
INFO [2025-11-06 12:44:08] [1] 2
INFO [2025-11-06 12:44:08] 
INFO [2025-11-06 12:44:08] $main.fontface
INFO [2025-11-06 12:44:08] [1] "bold"
INFO [2025-11-06 12:44:08] 
INFO [2025-11-06 12:44:08] $lwd
INFO [2025-11-06 12:44:08] [1] 1.2
INFO [2025-11-06 12:44:08] 
