INFO [2025-11-06 15:44:58] $x
INFO [2025-11-06 15:44:58] venn_counts
INFO [2025-11-06 15:44:58] 
INFO [2025-11-06 15:44:58] $filename
INFO [2025-11-06 15:44:58] NULL
INFO [2025-11-06 15:44:58] 
INFO [2025-11-06 15:44:58] $fill
INFO [2025-11-06 15:44:58] c("salmon", "lightyellow", "skyblue")
INFO [2025-11-06 15:44:58] 
INFO [2025-11-06 15:44:58] $alpha
INFO [2025-11-06 15:44:58] [1] 0.5
INFO [2025-11-06 15:44:58] 
INFO [2025-11-06 15:44:58] $cex
INFO [2025-11-06 15:44:58] [1] 1.8
INFO [2025-11-06 15:44:58] 
INFO [2025-11-06 15:44:58] $fontface
INFO [2025-11-06 15:44:58] [1] "bold"
INFO [2025-11-06 15:44:58] 
INFO [2025-11-06 15:44:58] $cat.cex
INFO [2025-11-06 15:44:58] [1] 1.4
INFO [2025-11-06 15:44:58] 
INFO [2025-11-06 15:44:58] $cat.fontface
INFO [2025-11-06 15:44:58] [1] "bold"
INFO [2025-11-06 15:44:58] 
INFO [2025-11-06 15:44:58] $cat.pos
INFO [2025-11-06 15:44:58] c(-20, 20, 180)
INFO [2025-11-06 15:44:58] 
INFO [2025-11-06 15:44:58] $cat.dist
INFO [2025-11-06 15:44:58] c(0.05, 0.05, 0.05)
INFO [2025-11-06 15:44:58] 
INFO [2025-11-06 15:44:58] $main
INFO [2025-11-06 15:44:58] [1] "Overlap of rabies cases in Brazilian cities"
INFO [2025-11-06 15:44:58] 
INFO [2025-11-06 15:44:58] $main.cex
INFO [2025-11-06 15:44:58] [1] 2
INFO [2025-11-06 15:44:58] 
INFO [2025-11-06 15:44:58] $main.fontface
INFO [2025-11-06 15:44:58] [1] "bold"
INFO [2025-11-06 15:44:58] 
INFO [2025-11-06 15:44:58] $lwd
INFO [2025-11-06 15:44:58] [1] 1.2
INFO [2025-11-06 15:44:58] 
